  Action.cpp
  GLM: rotate function taking degrees as a parameter is deprecated. #define GLM_FORCE_RADIANS before including GLM headers to remove this message.
  GLM: rotate_slow function taking degrees as a parameter is deprecated. #define GLM_FORCE_RADIANS before including GLM headers to remove this message.
  GLM: perspective function taking degrees as a parameter is deprecated. #define GLM_FORCE_RADIANS before including GLM headers to remove this message.
  GLM: perspectiveFov function taking degrees as a parameter is deprecated. #define GLM_FORCE_RADIANS before including GLM headers to remove this message.
  GLM: infinitePerspective function taking degrees as a parameter is deprecated. #define GLM_FORCE_RADIANS before including GLM headers to remove this message.
  GLM: tweakedInfinitePerspective function taking degrees as a parameter is deprecated. #define GLM_FORCE_RADIANS before including GLM headers to remove this message.
  GLM: rotate function taking degrees as a parameter is deprecated. #define GLM_FORCE_RADIANS before including GLM headers to remove this message.
  GLM: roll function returning degrees is deprecated. #define GLM_FORCE_RADIANS before including GLM headers to remove this message.
  GLM: pitch function returning degrees is deprecated. #define GLM_FORCE_RADIANS before including GLM headers to remove this message.
  GLM: yaw function returning degrees is deprecated. #define GLM_FORCE_RADIANS before including GLM headers to remove this message.
  GLM: angle function returning degrees is deprecated. #define GLM_FORCE_RADIANS before including GLM headers to remove this message.
  GLM: angleAxis function taking degrees as a parameter is deprecated. #define GLM_FORCE_RADIANS before including GLM headers to remove this message.
C:\Users\ch_Alex\source\repos\TerraMU\TerraMU\Animation.h(24): warning C4244: инициализация: преобразование "double" в "float", возможна потеря данных
  Converter.cpp
  GLM: rotate function taking degrees as a parameter is deprecated. #define GLM_FORCE_RADIANS before including GLM headers to remove this message.
  GLM: rotate_slow function taking degrees as a parameter is deprecated. #define GLM_FORCE_RADIANS before including GLM headers to remove this message.
  GLM: perspective function taking degrees as a parameter is deprecated. #define GLM_FORCE_RADIANS before including GLM headers to remove this message.
  GLM: perspectiveFov function taking degrees as a parameter is deprecated. #define GLM_FORCE_RADIANS before including GLM headers to remove this message.
  GLM: infinitePerspective function taking degrees as a parameter is deprecated. #define GLM_FORCE_RADIANS before including GLM headers to remove this message.
  GLM: tweakedInfinitePerspective function taking degrees as a parameter is deprecated. #define GLM_FORCE_RADIANS before including GLM headers to remove this message.
  GLM: rotate function taking degrees as a parameter is deprecated. #define GLM_FORCE_RADIANS before including GLM headers to remove this message.
  GLM: roll function returning degrees is deprecated. #define GLM_FORCE_RADIANS before including GLM headers to remove this message.
  GLM: pitch function returning degrees is deprecated. #define GLM_FORCE_RADIANS before including GLM headers to remove this message.
  GLM: yaw function returning degrees is deprecated. #define GLM_FORCE_RADIANS before including GLM headers to remove this message.
  GLM: angle function returning degrees is deprecated. #define GLM_FORCE_RADIANS before including GLM headers to remove this message.
  GLM: angleAxis function taking degrees as a parameter is deprecated. #define GLM_FORCE_RADIANS before including GLM headers to remove this message.
C:\Users\ch_Alex\source\repos\TerraMU\TerraMU\Animation.h(24): warning C4244: инициализация: преобразование "double" в "float", возможна потеря данных
  Creature.cpp
  GLM: rotate function taking degrees as a parameter is deprecated. #define GLM_FORCE_RADIANS before including GLM headers to remove this message.
  GLM: rotate_slow function taking degrees as a parameter is deprecated. #define GLM_FORCE_RADIANS before including GLM headers to remove this message.
  GLM: perspective function taking degrees as a parameter is deprecated. #define GLM_FORCE_RADIANS before including GLM headers to remove this message.
  GLM: perspectiveFov function taking degrees as a parameter is deprecated. #define GLM_FORCE_RADIANS before including GLM headers to remove this message.
  GLM: infinitePerspective function taking degrees as a parameter is deprecated. #define GLM_FORCE_RADIANS before including GLM headers to remove this message.
  GLM: tweakedInfinitePerspective function taking degrees as a parameter is deprecated. #define GLM_FORCE_RADIANS before including GLM headers to remove this message.
  GLM: rotate function taking degrees as a parameter is deprecated. #define GLM_FORCE_RADIANS before including GLM headers to remove this message.
  GLM: roll function returning degrees is deprecated. #define GLM_FORCE_RADIANS before including GLM headers to remove this message.
  GLM: pitch function returning degrees is deprecated. #define GLM_FORCE_RADIANS before including GLM headers to remove this message.
  GLM: yaw function returning degrees is deprecated. #define GLM_FORCE_RADIANS before including GLM headers to remove this message.
  GLM: angle function returning degrees is deprecated. #define GLM_FORCE_RADIANS before including GLM headers to remove this message.
  GLM: angleAxis function taking degrees as a parameter is deprecated. #define GLM_FORCE_RADIANS before including GLM headers to remove this message.
C:\Users\ch_Alex\source\repos\TerraMU\TerraMU\Animation.h(24): warning C4244: инициализация: преобразование "double" в "float", возможна потеря данных
  GameController.cpp
  GLM: rotate function taking degrees as a parameter is deprecated. #define GLM_FORCE_RADIANS before including GLM headers to remove this message.
  GLM: rotate_slow function taking degrees as a parameter is deprecated. #define GLM_FORCE_RADIANS before including GLM headers to remove this message.
  GLM: perspective function taking degrees as a parameter is deprecated. #define GLM_FORCE_RADIANS before including GLM headers to remove this message.
  GLM: perspectiveFov function taking degrees as a parameter is deprecated. #define GLM_FORCE_RADIANS before including GLM headers to remove this message.
  GLM: infinitePerspective function taking degrees as a parameter is deprecated. #define GLM_FORCE_RADIANS before including GLM headers to remove this message.
  GLM: tweakedInfinitePerspective function taking degrees as a parameter is deprecated. #define GLM_FORCE_RADIANS before including GLM headers to remove this message.
  GLM: rotate function taking degrees as a parameter is deprecated. #define GLM_FORCE_RADIANS before including GLM headers to remove this message.
  GLM: roll function returning degrees is deprecated. #define GLM_FORCE_RADIANS before including GLM headers to remove this message.
  GLM: pitch function returning degrees is deprecated. #define GLM_FORCE_RADIANS before including GLM headers to remove this message.
  GLM: yaw function returning degrees is deprecated. #define GLM_FORCE_RADIANS before including GLM headers to remove this message.
  GLM: angle function returning degrees is deprecated. #define GLM_FORCE_RADIANS before including GLM headers to remove this message.
  GLM: angleAxis function taking degrees as a parameter is deprecated. #define GLM_FORCE_RADIANS before including GLM headers to remove this message.
C:\Users\ch_Alex\source\repos\TerraMU\TerraMU\Animation.h(24): warning C4244: инициализация: преобразование "double" в "float", возможна потеря данных
  GoAction.cpp
  GLM: rotate function taking degrees as a parameter is deprecated. #define GLM_FORCE_RADIANS before including GLM headers to remove this message.
  GLM: rotate_slow function taking degrees as a parameter is deprecated. #define GLM_FORCE_RADIANS before including GLM headers to remove this message.
  GLM: perspective function taking degrees as a parameter is deprecated. #define GLM_FORCE_RADIANS before including GLM headers to remove this message.
  GLM: perspectiveFov function taking degrees as a parameter is deprecated. #define GLM_FORCE_RADIANS before including GLM headers to remove this message.
  GLM: infinitePerspective function taking degrees as a parameter is deprecated. #define GLM_FORCE_RADIANS before including GLM headers to remove this message.
  GLM: tweakedInfinitePerspective function taking degrees as a parameter is deprecated. #define GLM_FORCE_RADIANS before including GLM headers to remove this message.
  GLM: rotate function taking degrees as a parameter is deprecated. #define GLM_FORCE_RADIANS before including GLM headers to remove this message.
  GLM: roll function returning degrees is deprecated. #define GLM_FORCE_RADIANS before including GLM headers to remove this message.
  GLM: pitch function returning degrees is deprecated. #define GLM_FORCE_RADIANS before including GLM headers to remove this message.
  GLM: yaw function returning degrees is deprecated. #define GLM_FORCE_RADIANS before including GLM headers to remove this message.
  GLM: angle function returning degrees is deprecated. #define GLM_FORCE_RADIANS before including GLM headers to remove this message.
  GLM: angleAxis function taking degrees as a parameter is deprecated. #define GLM_FORCE_RADIANS before including GLM headers to remove this message.
C:\Users\ch_Alex\source\repos\TerraMU\TerraMU\Animation.h(24): warning C4244: инициализация: преобразование "double" в "float", возможна потеря данных
  HitAction.cpp
  GLM: rotate function taking degrees as a parameter is deprecated. #define GLM_FORCE_RADIANS before including GLM headers to remove this message.
  GLM: rotate_slow function taking degrees as a parameter is deprecated. #define GLM_FORCE_RADIANS before including GLM headers to remove this message.
  GLM: perspective function taking degrees as a parameter is deprecated. #define GLM_FORCE_RADIANS before including GLM headers to remove this message.
  GLM: perspectiveFov function taking degrees as a parameter is deprecated. #define GLM_FORCE_RADIANS before including GLM headers to remove this message.
  GLM: infinitePerspective function taking degrees as a parameter is deprecated. #define GLM_FORCE_RADIANS before including GLM headers to remove this message.
  GLM: tweakedInfinitePerspective function taking degrees as a parameter is deprecated. #define GLM_FORCE_RADIANS before including GLM headers to remove this message.
  GLM: rotate function taking degrees as a parameter is deprecated. #define GLM_FORCE_RADIANS before including GLM headers to remove this message.
  GLM: roll function returning degrees is deprecated. #define GLM_FORCE_RADIANS before including GLM headers to remove this message.
  GLM: pitch function returning degrees is deprecated. #define GLM_FORCE_RADIANS before including GLM headers to remove this message.
  GLM: yaw function returning degrees is deprecated. #define GLM_FORCE_RADIANS before including GLM headers to remove this message.
  GLM: angle function returning degrees is deprecated. #define GLM_FORCE_RADIANS before including GLM headers to remove this message.
  GLM: angleAxis function taking degrees as a parameter is deprecated. #define GLM_FORCE_RADIANS before including GLM headers to remove this message.
C:\Users\ch_Alex\source\repos\TerraMU\TerraMU\Animation.h(24): warning C4244: инициализация: преобразование "double" в "float", возможна потеря данных
  Main.cpp
C:\Users\ch_Alex\source\repos\TerraMU\TerraMU\Animation.h(24): warning C4244: инициализация: преобразование "double" в "float", возможна потеря данных
C:\Users\ch_Alex\source\repos\TerraMU\TerraMU\Main.cpp(183): warning C4244: инициализация: преобразование "double" в "float", возможна потеря данных
C:\Users\ch_Alex\source\repos\TerraMU\TerraMU\Main.cpp(206): warning C4244: инициализация: преобразование "double" в "float", возможна потеря данных
  Map.cpp
  GLM: rotate function taking degrees as a parameter is deprecated. #define GLM_FORCE_RADIANS before including GLM headers to remove this message.
  GLM: rotate_slow function taking degrees as a parameter is deprecated. #define GLM_FORCE_RADIANS before including GLM headers to remove this message.
  GLM: perspective function taking degrees as a parameter is deprecated. #define GLM_FORCE_RADIANS before including GLM headers to remove this message.
  GLM: perspectiveFov function taking degrees as a parameter is deprecated. #define GLM_FORCE_RADIANS before including GLM headers to remove this message.
  GLM: infinitePerspective function taking degrees as a parameter is deprecated. #define GLM_FORCE_RADIANS before including GLM headers to remove this message.
  GLM: tweakedInfinitePerspective function taking degrees as a parameter is deprecated. #define GLM_FORCE_RADIANS before including GLM headers to remove this message.
  GLM: rotate function taking degrees as a parameter is deprecated. #define GLM_FORCE_RADIANS before including GLM headers to remove this message.
  GLM: roll function returning degrees is deprecated. #define GLM_FORCE_RADIANS before including GLM headers to remove this message.
  GLM: pitch function returning degrees is deprecated. #define GLM_FORCE_RADIANS before including GLM headers to remove this message.
  GLM: yaw function returning degrees is deprecated. #define GLM_FORCE_RADIANS before including GLM headers to remove this message.
  GLM: angle function returning degrees is deprecated. #define GLM_FORCE_RADIANS before including GLM headers to remove this message.
  GLM: angleAxis function taking degrees as a parameter is deprecated. #define GLM_FORCE_RADIANS before including GLM headers to remove this message.
C:\Users\ch_Alex\source\repos\TerraMU\TerraMU\Animation.h(24): warning C4244: инициализация: преобразование "double" в "float", возможна потеря данных
  MapObject.cpp
  GLM: rotate function taking degrees as a parameter is deprecated. #define GLM_FORCE_RADIANS before including GLM headers to remove this message.
  GLM: rotate_slow function taking degrees as a parameter is deprecated. #define GLM_FORCE_RADIANS before including GLM headers to remove this message.
  GLM: perspective function taking degrees as a parameter is deprecated. #define GLM_FORCE_RADIANS before including GLM headers to remove this message.
  GLM: perspectiveFov function taking degrees as a parameter is deprecated. #define GLM_FORCE_RADIANS before including GLM headers to remove this message.
  GLM: infinitePerspective function taking degrees as a parameter is deprecated. #define GLM_FORCE_RADIANS before including GLM headers to remove this message.
  GLM: tweakedInfinitePerspective function taking degrees as a parameter is deprecated. #define GLM_FORCE_RADIANS before including GLM headers to remove this message.
  GLM: rotate function taking degrees as a parameter is deprecated. #define GLM_FORCE_RADIANS before including GLM headers to remove this message.
  GLM: roll function returning degrees is deprecated. #define GLM_FORCE_RADIANS before including GLM headers to remove this message.
  GLM: pitch function returning degrees is deprecated. #define GLM_FORCE_RADIANS before including GLM headers to remove this message.
  GLM: yaw function returning degrees is deprecated. #define GLM_FORCE_RADIANS before including GLM headers to remove this message.
  GLM: angle function returning degrees is deprecated. #define GLM_FORCE_RADIANS before including GLM headers to remove this message.
  GLM: angleAxis function taking degrees as a parameter is deprecated. #define GLM_FORCE_RADIANS before including GLM headers to remove this message.
C:\Users\ch_Alex\source\repos\TerraMU\TerraMU\Animation.h(24): warning C4244: инициализация: преобразование "double" в "float", возможна потеря данных
  MobSpawner.cpp
  GLM: rotate function taking degrees as a parameter is deprecated. #define GLM_FORCE_RADIANS before including GLM headers to remove this message.
  GLM: rotate_slow function taking degrees as a parameter is deprecated. #define GLM_FORCE_RADIANS before including GLM headers to remove this message.
  GLM: perspective function taking degrees as a parameter is deprecated. #define GLM_FORCE_RADIANS before including GLM headers to remove this message.
  GLM: perspectiveFov function taking degrees as a parameter is deprecated. #define GLM_FORCE_RADIANS before including GLM headers to remove this message.
  GLM: infinitePerspective function taking degrees as a parameter is deprecated. #define GLM_FORCE_RADIANS before including GLM headers to remove this message.
  GLM: tweakedInfinitePerspective function taking degrees as a parameter is deprecated. #define GLM_FORCE_RADIANS before including GLM headers to remove this message.
  GLM: rotate function taking degrees as a parameter is deprecated. #define GLM_FORCE_RADIANS before including GLM headers to remove this message.
  GLM: roll function returning degrees is deprecated. #define GLM_FORCE_RADIANS before including GLM headers to remove this message.
  GLM: pitch function returning degrees is deprecated. #define GLM_FORCE_RADIANS before including GLM headers to remove this message.
  GLM: yaw function returning degrees is deprecated. #define GLM_FORCE_RADIANS before including GLM headers to remove this message.
  GLM: angle function returning degrees is deprecated. #define GLM_FORCE_RADIANS before including GLM headers to remove this message.
  GLM: angleAxis function taking degrees as a parameter is deprecated. #define GLM_FORCE_RADIANS before including GLM headers to remove this message.
C:\Users\ch_Alex\source\repos\TerraMU\TerraMU\Animation.h(24): warning C4244: инициализация: преобразование "double" в "float", возможна потеря данных
C:\Users\ch_Alex\source\repos\TerraMU\TerraMU\MobSpawner.cpp(6): warning C4018: <: несоответствие типов со знаком и без знака
  Monster.cpp
  GLM: rotate function taking degrees as a parameter is deprecated. #define GLM_FORCE_RADIANS before including GLM headers to remove this message.
  GLM: rotate_slow function taking degrees as a parameter is deprecated. #define GLM_FORCE_RADIANS before including GLM headers to remove this message.
  GLM: perspective function taking degrees as a parameter is deprecated. #define GLM_FORCE_RADIANS before including GLM headers to remove this message.
  GLM: perspectiveFov function taking degrees as a parameter is deprecated. #define GLM_FORCE_RADIANS before including GLM headers to remove this message.
  GLM: infinitePerspective function taking degrees as a parameter is deprecated. #define GLM_FORCE_RADIANS before including GLM headers to remove this message.
  GLM: tweakedInfinitePerspective function taking degrees as a parameter is deprecated. #define GLM_FORCE_RADIANS before including GLM headers to remove this message.
  GLM: rotate function taking degrees as a parameter is deprecated. #define GLM_FORCE_RADIANS before including GLM headers to remove this message.
  GLM: roll function returning degrees is deprecated. #define GLM_FORCE_RADIANS before including GLM headers to remove this message.
  GLM: pitch function returning degrees is deprecated. #define GLM_FORCE_RADIANS before including GLM headers to remove this message.
  GLM: yaw function returning degrees is deprecated. #define GLM_FORCE_RADIANS before including GLM headers to remove this message.
  GLM: angle function returning degrees is deprecated. #define GLM_FORCE_RADIANS before including GLM headers to remove this message.
  GLM: angleAxis function taking degrees as a parameter is deprecated. #define GLM_FORCE_RADIANS before including GLM headers to remove this message.
C:\Users\ch_Alex\source\repos\TerraMU\TerraMU\Animation.h(24): warning C4244: инициализация: преобразование "double" в "float", возможна потеря данных
  Player.cpp
  GLM: rotate function taking degrees as a parameter is deprecated. #define GLM_FORCE_RADIANS before including GLM headers to remove this message.
  GLM: rotate_slow function taking degrees as a parameter is deprecated. #define GLM_FORCE_RADIANS before including GLM headers to remove this message.
  GLM: perspective function taking degrees as a parameter is deprecated. #define GLM_FORCE_RADIANS before including GLM headers to remove this message.
  GLM: perspectiveFov function taking degrees as a parameter is deprecated. #define GLM_FORCE_RADIANS before including GLM headers to remove this message.
  GLM: infinitePerspective function taking degrees as a parameter is deprecated. #define GLM_FORCE_RADIANS before including GLM headers to remove this message.
  GLM: tweakedInfinitePerspective function taking degrees as a parameter is deprecated. #define GLM_FORCE_RADIANS before including GLM headers to remove this message.
  GLM: rotate function taking degrees as a parameter is deprecated. #define GLM_FORCE_RADIANS before including GLM headers to remove this message.
  GLM: roll function returning degrees is deprecated. #define GLM_FORCE_RADIANS before including GLM headers to remove this message.
  GLM: pitch function returning degrees is deprecated. #define GLM_FORCE_RADIANS before including GLM headers to remove this message.
  GLM: yaw function returning degrees is deprecated. #define GLM_FORCE_RADIANS before including GLM headers to remove this message.
  GLM: angle function returning degrees is deprecated. #define GLM_FORCE_RADIANS before including GLM headers to remove this message.
  GLM: angleAxis function taking degrees as a parameter is deprecated. #define GLM_FORCE_RADIANS before including GLM headers to remove this message.
C:\Users\ch_Alex\source\repos\TerraMU\TerraMU\Animation.h(24): warning C4244: инициализация: преобразование "double" в "float", возможна потеря данных
  ShortGoAction.cpp
  GLM: rotate function taking degrees as a parameter is deprecated. #define GLM_FORCE_RADIANS before including GLM headers to remove this message.
  GLM: rotate_slow function taking degrees as a parameter is deprecated. #define GLM_FORCE_RADIANS before including GLM headers to remove this message.
  GLM: perspective function taking degrees as a parameter is deprecated. #define GLM_FORCE_RADIANS before including GLM headers to remove this message.
  GLM: perspectiveFov function taking degrees as a parameter is deprecated. #define GLM_FORCE_RADIANS before including GLM headers to remove this message.
  GLM: infinitePerspective function taking degrees as a parameter is deprecated. #define GLM_FORCE_RADIANS before including GLM headers to remove this message.
  GLM: tweakedInfinitePerspective function taking degrees as a parameter is deprecated. #define GLM_FORCE_RADIANS before including GLM headers to remove this message.
  GLM: rotate function taking degrees as a parameter is deprecated. #define GLM_FORCE_RADIANS before including GLM headers to remove this message.
  GLM: roll function returning degrees is deprecated. #define GLM_FORCE_RADIANS before including GLM headers to remove this message.
  GLM: pitch function returning degrees is deprecated. #define GLM_FORCE_RADIANS before including GLM headers to remove this message.
  GLM: yaw function returning degrees is deprecated. #define GLM_FORCE_RADIANS before including GLM headers to remove this message.
  GLM: angle function returning degrees is deprecated. #define GLM_FORCE_RADIANS before including GLM headers to remove this message.
  GLM: angleAxis function taking degrees as a parameter is deprecated. #define GLM_FORCE_RADIANS before including GLM headers to remove this message.
C:\Users\ch_Alex\source\repos\TerraMU\TerraMU\Animation.h(24): warning C4244: инициализация: преобразование "double" в "float", возможна потеря данных
  WayHandler.cpp
  GLM: rotate function taking degrees as a parameter is deprecated. #define GLM_FORCE_RADIANS before including GLM headers to remove this message.
  GLM: rotate_slow function taking degrees as a parameter is deprecated. #define GLM_FORCE_RADIANS before including GLM headers to remove this message.
  GLM: perspective function taking degrees as a parameter is deprecated. #define GLM_FORCE_RADIANS before including GLM headers to remove this message.
  GLM: perspectiveFov function taking degrees as a parameter is deprecated. #define GLM_FORCE_RADIANS before including GLM headers to remove this message.
  GLM: infinitePerspective function taking degrees as a parameter is deprecated. #define GLM_FORCE_RADIANS before including GLM headers to remove this message.
  GLM: tweakedInfinitePerspective function taking degrees as a parameter is deprecated. #define GLM_FORCE_RADIANS before including GLM headers to remove this message.
  GLM: rotate function taking degrees as a parameter is deprecated. #define GLM_FORCE_RADIANS before including GLM headers to remove this message.
  GLM: roll function returning degrees is deprecated. #define GLM_FORCE_RADIANS before including GLM headers to remove this message.
  GLM: pitch function returning degrees is deprecated. #define GLM_FORCE_RADIANS before including GLM headers to remove this message.
  GLM: yaw function returning degrees is deprecated. #define GLM_FORCE_RADIANS before including GLM headers to remove this message.
  GLM: angle function returning degrees is deprecated. #define GLM_FORCE_RADIANS before including GLM headers to remove this message.
  GLM: angleAxis function taking degrees as a parameter is deprecated. #define GLM_FORCE_RADIANS before including GLM headers to remove this message.
C:\Users\ch_Alex\source\repos\TerraMU\TerraMU\Animation.h(24): warning C4244: инициализация: преобразование "double" в "float", возможна потеря данных
C:\Users\ch_Alex\source\repos\TerraMU\TerraMU\WayHandler.cpp(280): warning C4244: инициализация: преобразование "int" в "float", возможна потеря данных
C:\Users\ch_Alex\source\repos\TerraMU\TerraMU\WayHandler.cpp(281): warning C4244: инициализация: преобразование "int" в "float", возможна потеря данных
SOIL.lib(SOIL.obj) : warning LNK4075: не учитывается "/EDITANDCONTINUE" из-за спецификации "/OPT:ICF"
LINK : warning LNK4098: библиотека по умолчанию "LIBCMT" противоречит использованию других библиотек; используйте параметр /NODEFAULTLIB:library
LINK : warning LNK4098: библиотека по умолчанию "MSVCRTD" противоречит использованию других библиотек; используйте параметр /NODEFAULTLIB:library
  Создание кода
  2 of 1802 functions ( 0.1%) were compiled, the rest were copied from previous compilation.
    0 functions were new in current compilation
    1 functions had inline decision re-evaluated but remain unchanged
  Создание кода завершено
LINK : warning LNK4286: Символ "___glewDisableVertexAttribArray", определенный в "GLEW32s.lib(glew.obj)", импортирован "GuiRenderer.obj".
LINK : warning LNK4286: Символ "___glewActiveTexture", определенный в "GLEW32s.lib(glew.obj)", импортирован "GuiRenderer.obj".
LINK : warning LNK4286: Символ "___glewBindVertexArray", определенный в "GLEW32s.lib(glew.obj)", импортирован "GuiRenderer.obj".
LINK : warning LNK4286: Символ "___glewEnableVertexAttribArray", определенный в "GLEW32s.lib(glew.obj)", импортирован "GuiRenderer.obj".
LINK : warning LNK4286: Символ "___glewGetUniformLocation", определенный в "GLEW32s.lib(glew.obj)", импортирован "GuiShader.obj".
LINK : warning LNK4286: Символ "___glewDeleteBuffers", определенный в "GLEW32s.lib(glew.obj)", импортирован "Loader.obj".
LINK : warning LNK4286: Символ "___glewGenerateMipmap", определенный в "GLEW32s.lib(glew.obj)", импортирован "Loader.obj".
LINK : warning LNK4286: Символ "___glewGenBuffers", определенный в "GLEW32s.lib(glew.obj)", импортирован "Loader.obj".
LINK : warning LNK4286: Символ "___glewGenVertexArrays", определенный в "GLEW32s.lib(glew.obj)", импортирован "Loader.obj".
LINK : warning LNK4286: Символ "___glewBufferData", определенный в "GLEW32s.lib(glew.obj)", импортирован "Loader.obj".
LINK : warning LNK4286: Символ "___glewDeleteVertexArrays", определенный в "GLEW32s.lib(glew.obj)", импортирован "Loader.obj".
LINK : warning LNK4286: Символ "___glewBindBuffer", определенный в "GLEW32s.lib(glew.obj)", импортирован "Loader.obj".
LINK : warning LNK4286: Символ "___glewVertexAttribPointer", определенный в "GLEW32s.lib(glew.obj)", импортирован "Loader.obj".
LINK : warning LNK4286: Символ "___glewLinkProgram", определенный в "GLEW32s.lib(glew.obj)", импортирован "ShaderProgram.obj".
LINK : warning LNK4286: Символ "___glewDeleteShader", определенный в "GLEW32s.lib(glew.obj)", импортирован "ShaderProgram.obj".
LINK : warning LNK4286: Символ "___glewDetachShader", определенный в "GLEW32s.lib(glew.obj)", импортирован "ShaderProgram.obj".
LINK : warning LNK4286: Символ "___glewUniformMatrix4fv", определенный в "GLEW32s.lib(glew.obj)", импортирован "ShaderProgram.obj".
LINK : warning LNK4286: Символ "___glewShaderSource", определенный в "GLEW32s.lib(glew.obj)", импортирован "ShaderProgram.obj".
LINK : warning LNK4286: Символ "___glewDeleteProgram", определенный в "GLEW32s.lib(glew.obj)", импортирован "ShaderProgram.obj".
LINK : warning LNK4286: Символ "___glewAttachShader", определенный в "GLEW32s.lib(glew.obj)", импортирован "ShaderProgram.obj".
LINK : warning LNK4286: Символ "___glewGetShaderInfoLog", определенный в "GLEW32s.lib(glew.obj)", импортирован "ShaderProgram.obj".
LINK : warning LNK4286: Символ "___glewCreateProgram", определенный в "GLEW32s.lib(glew.obj)", импортирован "ShaderProgram.obj".
LINK : warning LNK4286: Символ "___glewBindAttribLocation", определенный в "GLEW32s.lib(glew.obj)", импортирован "ShaderProgram.obj".
LINK : warning LNK4286: Символ "___glewCreateShader", определенный в "GLEW32s.lib(glew.obj)", импортирован "ShaderProgram.obj".
LINK : warning LNK4286: Символ "___glewCompileShader", определенный в "GLEW32s.lib(glew.obj)", импортирован "ShaderProgram.obj".
LINK : warning LNK4286: Символ "___glewGetShaderiv", определенный в "GLEW32s.lib(glew.obj)", импортирован "ShaderProgram.obj".
LINK : warning LNK4286: Символ "___glewUseProgram", определенный в "GLEW32s.lib(glew.obj)", импортирован "ShaderProgram.obj".
LINK : warning LNK4286: Символ "___glewUniformMatrix3fv", определенный в "GLEW32s.lib(glew.obj)", импортирован "ShaderProgram.obj".
GLEW32s.lib(glew.obj) : warning LNK4099: "vc120.pdb" PDB не найден с "GLEW32s.lib(glew.obj)" или на "C:\Users\ch_Alex\source\repos\TerraMU\Release\vc120.pdb"; компоновка объекта выполняется как при отсутствии отладочных данных
SOIL.lib(image_DXT.obj) : warning LNK4099: "SOIL.pdb" PDB не найден с "SOIL.lib(image_DXT.obj)" или на "C:\Users\ch_Alex\source\repos\TerraMU\Release\SOIL.pdb"; компоновка объекта выполняется как при отсутствии отладочных данных
SOIL.lib(image_helper.obj) : warning LNK4099: "SOIL.pdb" PDB не найден с "SOIL.lib(image_helper.obj)" или на "C:\Users\ch_Alex\source\repos\TerraMU\Release\SOIL.pdb"; компоновка объекта выполняется как при отсутствии отладочных данных
SOIL.lib(SOIL.obj) : warning LNK4099: "SOIL.pdb" PDB не найден с "SOIL.lib(SOIL.obj)" или на "C:\Users\ch_Alex\source\repos\TerraMU\Release\SOIL.pdb"; компоновка объекта выполняется как при отсутствии отладочных данных
SOIL.lib(stb_image_aug.obj) : warning LNK4099: "SOIL.pdb" PDB не найден с "SOIL.lib(stb_image_aug.obj)" или на "C:\Users\ch_Alex\source\repos\TerraMU\Release\SOIL.pdb"; компоновка объекта выполняется как при отсутствии отладочных данных
  TerraMU.vcxproj -> C:\Users\ch_Alex\source\repos\TerraMU\Release\TerraMU.exe
